  NodoCurso.cpp
d:\universidad\estructuras de datos\pila-cola-lista\listacursos.h(11): error C2061: error de sintaxis: identificador 'Estudiante'
d:\universidad\estructuras de datos\pila-cola-lista\listacursos.h(12): error C2143: error de sintaxis: falta ';' delante de '*'
d:\universidad\estructuras de datos\pila-cola-lista\listacursos.h(12): error C4430: falta el especificador de tipo; se presupone int. Nota: C++ no admite default-int
d:\universidad\estructuras de datos\pila-cola-lista\listacursos.h(12): error C2238: símbolos (token) inesperados delante de ';'
d:\universidad\estructuras de datos\pila-cola-lista\listacursos.h(14): error C2061: error de sintaxis: identificador 'NodoCurso'
d:\universidad\estructuras de datos\pila-cola-lista\listacursos.h(17): error C2143: error de sintaxis: falta ';' delante de '*'
d:\universidad\estructuras de datos\pila-cola-lista\listacursos.h(17): error C4430: falta el especificador de tipo; se presupone int. Nota: C++ no admite default-int
d:\universidad\estructuras de datos\pila-cola-lista\listacursos.h(17): error C2238: símbolos (token) inesperados delante de ';'
d:\universidad\estructuras de datos\pila-cola-lista\listacursos.h(22): error C2143: error de sintaxis: falta ';' delante de '*'
d:\universidad\estructuras de datos\pila-cola-lista\listacursos.h(22): error C4430: falta el especificador de tipo; se presupone int. Nota: C++ no admite default-int
d:\universidad\estructuras de datos\pila-cola-lista\listacursos.h(22): error C2238: símbolos (token) inesperados delante de ';'
  ListaCursos.cpp
d:\universidad\estructuras de datos\pila-cola-lista\estudiante.h(15): error C3646: 'getListaCursos': especificador de invalidación desconocido
d:\universidad\estructuras de datos\pila-cola-lista\estudiante.h(15): error C2059: error de sintaxis: '('
d:\universidad\estructuras de datos\pila-cola-lista\estudiante.h(15): error C2238: símbolos (token) inesperados delante de ';'
d:\universidad\estructuras de datos\pila-cola-lista\estudiante.h(21): error C3646: 'listaCursos': especificador de invalidación desconocido
d:\universidad\estructuras de datos\pila-cola-lista\estudiante.h(21): error C4430: falta el especificador de tipo; se presupone int. Nota: C++ no admite default-int
  Estudiante.cpp
d:\universidad\estructuras de datos\pila-cola-lista\nodocurso.h(7): error C2061: error de sintaxis: identificador 'Estudiante'
d:\universidad\estructuras de datos\pila-cola-lista\nodocurso.h(8): error C2061: error de sintaxis: identificador 'Estudiante'
d:\universidad\estructuras de datos\pila-cola-lista\nodocurso.h(9): error C2143: error de sintaxis: falta ';' delante de '*'
d:\universidad\estructuras de datos\pila-cola-lista\nodocurso.h(9): error C4430: falta el especificador de tipo; se presupone int. Nota: C++ no admite default-int
d:\universidad\estructuras de datos\pila-cola-lista\nodocurso.h(9): error C2238: símbolos (token) inesperados delante de ';'
d:\universidad\estructuras de datos\pila-cola-lista\nodocurso.h(15): error C2143: error de sintaxis: falta ';' delante de '*'
d:\universidad\estructuras de datos\pila-cola-lista\nodocurso.h(15): error C4430: falta el especificador de tipo; se presupone int. Nota: C++ no admite default-int
d:\universidad\estructuras de datos\pila-cola-lista\nodocurso.h(15): error C2238: símbolos (token) inesperados delante de ';'
d:\universidad\estructuras de datos\pila-cola-lista\listacursos.h(11): error C2061: error de sintaxis: identificador 'Estudiante'
  Generando código...
