d:\universidad\estructuras de datos\pila-cola-lista\x64\debug\pila.pch
d:\universidad\estructuras de datos\pila-cola-lista\x64\debug\vc141.pdb
d:\universidad\estructuras de datos\pila-cola-lista\x64\debug\vc141.idb
d:\universidad\estructuras de datos\pila-cola-lista\x64\debug\stdafx.obj
d:\universidad\estructuras de datos\pila-cola-lista\x64\debug\cola.obj
d:\universidad\estructuras de datos\pila-cola-lista\x64\debug\curso.obj
d:\universidad\estructuras de datos\pila-cola-lista\x64\debug\listaestudiantes.obj
d:\universidad\estructuras de datos\pila-cola-lista\x64\debug\nodoent.obj
d:\universidad\estructuras de datos\pila-cola-lista\x64\debug\pila.obj
d:\universidad\estructuras de datos\pila-cola-lista\x64\debug\pilaent.obj
d:\universidad\estructuras de datos\pila-cola-lista\x64\debug\nodocurso.obj
d:\universidad\estructuras de datos\pila-cola-lista\x64\debug\estudiante.obj
d:\universidad\estructuras de datos\pila-cola-lista\x64\debug\listacursos.obj
d:\universidad\estructuras de datos\proyecto 1\x64\debug\pila.exe
d:\universidad\estructuras de datos\proyecto 1\x64\debug\pila.ilk
d:\universidad\estructuras de datos\proyecto 1\x64\debug\pila.pdb
d:\universidad\estructuras de datos\pila-cola-lista\x64\debug\pila.tlog\cl.command.1.tlog
d:\universidad\estructuras de datos\pila-cola-lista\x64\debug\pila.tlog\cl.read.1.tlog
d:\universidad\estructuras de datos\pila-cola-lista\x64\debug\pila.tlog\cl.write.1.tlog
d:\universidad\estructuras de datos\pila-cola-lista\x64\debug\pila.tlog\link-cvtres.read.1.tlog
d:\universidad\estructuras de datos\pila-cola-lista\x64\debug\pila.tlog\link-cvtres.write.1.tlog
d:\universidad\estructuras de datos\pila-cola-lista\x64\debug\pila.tlog\link-rc.read.1.tlog
d:\universidad\estructuras de datos\pila-cola-lista\x64\debug\pila.tlog\link-rc.write.1.tlog
d:\universidad\estructuras de datos\pila-cola-lista\x64\debug\pila.tlog\link.17848-cvtres.read.1.tlog
d:\universidad\estructuras de datos\pila-cola-lista\x64\debug\pila.tlog\link.17848-cvtres.write.1.tlog
d:\universidad\estructuras de datos\pila-cola-lista\x64\debug\pila.tlog\link.17848-rc.read.1.tlog
d:\universidad\estructuras de datos\pila-cola-lista\x64\debug\pila.tlog\link.17848-rc.write.1.tlog
d:\universidad\estructuras de datos\pila-cola-lista\x64\debug\pila.tlog\link.17848.read.1.tlog
d:\universidad\estructuras de datos\pila-cola-lista\x64\debug\pila.tlog\link.17848.write.1.tlog
d:\universidad\estructuras de datos\pila-cola-lista\x64\debug\pila.tlog\link.command.1.tlog
d:\universidad\estructuras de datos\pila-cola-lista\x64\debug\pila.tlog\link.read.1.tlog
d:\universidad\estructuras de datos\pila-cola-lista\x64\debug\pila.tlog\link.write.1.tlog
